<?xml version="1.0" encoding="UTF-8"?>
<!-- Generated by org.testng.reporters.JUnitReportReporter -->
<testsuite hostname="Mini.local" failures="0" tests="2" name="test.LoginTest" time="45.415" errors="0" timestamp="2023-08-15T14:49:30 JST" skipped="0">
  <testcase classname="test.LoginTest" name="login" time="22.927"/>
  <system-out/>
  <testcase classname="test.LoginTest" name="login" time="22.488"/>
  <system-out/>
</testsuite> <!-- test.LoginTest -->
