<?xml version="1.0" encoding="UTF-8"?>
<!-- Generated by org.testng.reporters.JUnitReportReporter -->
<testsuite hostname="Mini.local" failures="0" tests="1" name="test.TestTwo" time="28.947" errors="0" timestamp="2023-08-13T14:37:33 JST" skipped="0">
  <testcase classname="test.TestTwo" name="login" time="28.947"/>
  <system-out/>
</testsuite> <!-- test.TestTwo -->
