<?xml version="1.0" encoding="UTF-8"?>
<!-- Generated by org.testng.reporters.JUnitReportReporter -->
<testsuite hostname="Mini.local" failures="0" tests="1" name="runner.Runner" time="13.067" errors="0" timestamp="2023-08-15T15:45:00 JST" skipped="0">
  <testcase classname="runner.Runner" name="runScenario" time="13.067"/>
  <system-out/>
</testsuite> <!-- runner.Runner -->
