<?xml version="1.0" encoding="UTF-8"?>
<!-- Generated by org.testng.reporters.JUnitReportReporter -->
<testsuite hostname="Mini.local" failures="0" tests="1" name="test.AddUserTest" time="29.917" errors="0" timestamp="2023-08-15T14:55:17 JST" skipped="0">
  <testcase classname="test.AddUserTest" name="login" time="29.917"/>
  <system-out/>
</testsuite> <!-- test.AddUserTest -->
