<?xml version="1.0" encoding="UTF-8"?>
<!-- Generated by org.testng.reporters.JUnitReportReporter -->
<testsuite hostname="Mini.local" failures="0" tests="2" name="test.LoginTest" time="45.593" errors="0" timestamp="2023-08-15T15:47:19 JST" skipped="0">
  <testcase classname="test.LoginTest" name="login" time="22.310"/>
  <testcase classname="test.LoginTest" name="login" time="23.283"/>
</testsuite> <!-- test.LoginTest -->
